<?xml version="1.0" encoding="UTF-8"?>
<!-- Generated by org.testng.reporters.JUnitReportReporter -->
<testsuite skipped="0" hostname="AA-PC" name="framework.Testng.TestSuite.Class2" tests="2" failures="0" timestamp="2020-01-21T09:45:10 IST" time="0.008" errors="0">
  <testcase name="tc006" time="0.005" classname="framework.Testng.TestSuite.Class2"/>
  <testcase name="tc005" time="0.003" classname="framework.Testng.TestSuite.Class2"/>
</testsuite> <!-- framework.Testng.TestSuite.Class2 -->
