<?xml version="1.0" encoding="UTF-8"?>
<!-- Generated by org.testng.reporters.JUnitReportReporter -->
<testsuite skipped="0" hostname="AA-PC" name="framework_testng.Invacation_Count" tests="10" failures="0" timestamp="2020-01-21T09:01:37 IST" time="3.780" errors="0">
  <testcase name="test" time="0.380" classname="framework_testng.Invacation_Count"/>
  <testcase name="test" time="0.520" classname="framework_testng.Invacation_Count"/>
  <testcase name="test" time="1.021" classname="framework_testng.Invacation_Count"/>
  <testcase name="test" time="0.237" classname="framework_testng.Invacation_Count"/>
  <testcase name="test" time="0.216" classname="framework_testng.Invacation_Count"/>
  <testcase name="test" time="0.224" classname="framework_testng.Invacation_Count"/>
  <testcase name="test" time="0.264" classname="framework_testng.Invacation_Count"/>
  <testcase name="test" time="0.218" classname="framework_testng.Invacation_Count"/>
  <testcase name="test" time="0.459" classname="framework_testng.Invacation_Count"/>
  <testcase name="test" time="0.241" classname="framework_testng.Invacation_Count"/>
</testsuite> <!-- framework_testng.Invacation_Count -->
