<?xml version="1.0" encoding="UTF-8"?>
<!-- Generated by org.testng.reporters.JUnitReportReporter -->
<testsuite skipped="0" hostname="AA-PC" name="framework.Testng.Groups.TestSuite1" tests="1" failures="0" timestamp="2020-01-21T10:05:49 IST" time="0.017" errors="0">
  <testcase name="tc001" time="0.017" classname="framework.Testng.Groups.TestSuite1"/>
</testsuite> <!-- framework.Testng.Groups.TestSuite1 -->
