<?xml version="1.0" encoding="UTF-8"?>
<!-- Generated by org.testng.reporters.JUnitReportReporter -->
<testsuite skipped="1" hostname="AA-PC" name="framework.Testng.Method_Ignore" tests="3" failures="0" timestamp="2020-01-20T09:53:53 IST" time="0.013" errors="0">
  <testcase name="tc002" time="0.012" classname="framework.Testng.Method_Ignore"/>
  <testcase name="tc003" time="0.001" classname="framework.Testng.Method_Ignore"/>
  <testcase name="tc001" classname="framework.Testng.Method_Ignore">
    <skipped/>
  </testcase> <!-- tc001 -->
</testsuite> <!-- framework.Testng.Method_Ignore -->
