<?xml version="1.0" encoding="UTF-8"?>
<!-- Generated by org.testng.reporters.JUnitReportReporter -->
<testsuite skipped="0" hostname="AA-PC" name="framework.Testng.Testng_WebDriver_Testcase" tests="1" failures="0" timestamp="2020-01-21T09:19:44 IST" time="20.492" errors="0">
  <testcase name="Tc003_Verify_Messenger_page" time="20.492" classname="framework.Testng.Testng_WebDriver_Testcase"/>
</testsuite> <!-- framework.Testng.Testng_WebDriver_Testcase -->
