<?xml version="1.0" encoding="UTF-8"?>
<!-- Generated by org.testng.reporters.JUnitReportReporter -->
<testsuite skipped="0" hostname="AA-PC" name="framework.framework.Testng.Pre_And_post_Condition" tests="3" failures="0" timestamp="2020-01-21T09:12:26 IST" time="0.015" errors="0">
  <testcase name="tc001" time="0.009" classname="framework.framework.Testng.Pre_And_post_Condition"/>
  <testcase name="tc003" time="0.003" classname="framework.framework.Testng.Pre_And_post_Condition"/>
  <testcase name="tc002" time="0.003" classname="framework.framework.Testng.Pre_And_post_Condition"/>
</testsuite> <!-- framework.framework.Testng.Pre_And_post_Condition -->
