<?xml version="1.0" encoding="UTF-8"?>
<!-- Generated by org.testng.reporters.JUnitReportReporter -->
<testsuite skipped="0" hostname="AA-PC" name="framework.Testng.TestSuite.Class1" tests="1" failures="0" timestamp="2020-01-21T09:45:10 IST" time="0.017" errors="0">
  <testcase name="tc002" time="0.017" classname="framework.Testng.TestSuite.Class1"/>
</testsuite> <!-- framework.Testng.TestSuite.Class1 -->
