<?xml version="1.0" encoding="UTF-8"?>
<!-- Generated by org.testng.reporters.JUnitReportReporter -->
<testsuite skipped="0" hostname="AA-PC" name="framework.Testng.MyTestng_Test" tests="3" failures="0" timestamp="2020-01-20T09:39:05 IST" time="0.024" errors="0">
  <testcase name="tc003" time="0.004" classname="framework.Testng.MyTestng_Test"/>
  <testcase name="tc001" time="0.017" classname="framework.Testng.MyTestng_Test"/>
  <testcase name="tc002" time="0.003" classname="framework.Testng.MyTestng_Test"/>
</testsuite> <!-- framework.Testng.MyTestng_Test -->
