<?xml version="1.0" encoding="UTF-8"?>
<!-- Generated by org.testng.reporters.JUnitReportReporter -->
<testsuite skipped="0" hostname="AA-PC" name="framework.Testng.Method_Description" tests="2" failures="0" timestamp="2020-01-20T09:49:04 IST" time="0.020" errors="0">
  <testcase name="tc001" time="0.018" classname="framework.Testng.Method_Description"/>
  <testcase name="tc002" time="0.002" classname="framework.Testng.Method_Description"/>
</testsuite> <!-- framework.Testng.Method_Description -->
